<?xml version="1.0" encoding="UTF-8"?>
<!-- Generated by org.testng.reporters.JUnitXMLReporter -->
<testsuite hostname="DESKTOP-7SFELJ4" ignored="0" name="Default test" tests="4" failures="0" timestamp="2020-07-15T23:34:58 CEST" time="13.311" errors="0">
  <testcase name="clickOnBtn" time="0.093" classname="test_case.Zad3Test"/>
  <testcase name="clickRB" time="0.077" classname="test_case.Zad3Test"/>
  <testcase name="enterPB" time="0.207" classname="test_case.Zad3Test"/>
  <testcase name="hiddenTxt" time="0.055" classname="test_case.Zad3Test"/>
</testsuite> <!-- Default test -->
